\BOOKMARK [0][-]{chapter.1}{\376\377\0001\000\040\000O\000b\000s\000e\000r\000v\000a\000t\000i\000o\000n\000s\000\040\000o\000n\000\040\000T\000a\000l\000e\000b\000\047\000s\000\040\000`\000\250\000H\000o\000w\000\040\000m\000u\000c\000h\000\040\000d\000a\000t\000a\000\040\000d\000o\000\040\000y\000o\000u\000\040\000n\000e\000e\000d\000`\000\250}{}% 1
\BOOKMARK [0][-]{chapter.2}{\376\377\0002\000\040\000H\000i\000e\000r\000a\000r\000c\000h\000i\000c\000a\000l\000\040\000I\000n\000d\000e\000x}{}% 2
\BOOKMARK [1][-]{section.2.1}{\376\377\0002\000.\0001\000\040\000C\000l\000a\000s\000s\000\040\000H\000i\000e\000r\000a\000r\000c\000h\000y}{chapter.2}% 3
\BOOKMARK [0][-]{chapter.3}{\376\377\0003\000\040\000C\000l\000a\000s\000s\000\040\000I\000n\000d\000e\000x}{}% 4
\BOOKMARK [1][-]{section.3.1}{\376\377\0003\000.\0001\000\040\000C\000l\000a\000s\000s\000\040\000L\000i\000s\000t}{chapter.3}% 5
\BOOKMARK [0][-]{chapter.4}{\376\377\0004\000\040\000F\000i\000l\000e\000\040\000I\000n\000d\000e\000x}{}% 6
\BOOKMARK [1][-]{section.4.1}{\376\377\0004\000.\0001\000\040\000F\000i\000l\000e\000\040\000L\000i\000s\000t}{chapter.4}% 7
\BOOKMARK [0][-]{chapter.5}{\376\377\0005\000\040\000C\000l\000a\000s\000s\000\040\000D\000o\000c\000u\000m\000e\000n\000t\000a\000t\000i\000o\000n}{}% 8
\BOOKMARK [1][-]{section.5.1}{\376\377\0005\000.\0001\000\040\000e\000x\000p\000o\000n\000e\000n\000t\000i\000a\000l\000\137\000d\000i\000s\000t\000r\000i\000b\000u\000t\000i\000o\000n\000<\000\040\000R\000e\000a\000l\000T\000y\000p\000e\000\040\000>\000\040\000S\000t\000r\000u\000c\000t\000\040\000T\000e\000m\000p\000l\000a\000t\000e\000\040\000R\000e\000f\000e\000r\000e\000n\000c\000e}{chapter.5}% 9
\BOOKMARK [2][-]{subsection.5.1.1}{\376\377\0005\000.\0001\000.\0001\000\040\000D\000e\000t\000a\000i\000l\000e\000d\000\040\000D\000e\000s\000c\000r\000i\000p\000t\000i\000o\000n}{section.5.1}% 10
\BOOKMARK [1][-]{section.5.2}{\376\377\0005\000.\0002\000\040\000J\000o\000b\000\040\000S\000t\000r\000u\000c\000t\000\040\000R\000e\000f\000e\000r\000e\000n\000c\000e}{chapter.5}% 11
\BOOKMARK [2][-]{subsection.5.2.1}{\376\377\0005\000.\0002\000.\0001\000\040\000D\000e\000t\000a\000i\000l\000e\000d\000\040\000D\000e\000s\000c\000r\000i\000p\000t\000i\000o\000n}{section.5.2}% 12
\BOOKMARK [2][-]{subsection.5.2.2}{\376\377\0005\000.\0002\000.\0002\000\040\000C\000o\000n\000s\000t\000r\000u\000c\000t\000o\000r\000\040\000\046\000\040\000D\000e\000s\000t\000r\000u\000c\000t\000o\000r\000\040\000D\000o\000c\000u\000m\000e\000n\000t\000a\000t\000i\000o\000n}{section.5.2}% 13
\BOOKMARK [3][-]{subsubsection.5.2.2.1}{\376\377\0005\000.\0002\000.\0002\000.\0001\000\040\000J\000o\000b\000\050\000\051}{subsection.5.2.2}% 14
\BOOKMARK [2][-]{subsection.5.2.3}{\376\377\0005\000.\0002\000.\0003\000\040\000M\000e\000m\000b\000e\000r\000\040\000F\000u\000n\000c\000t\000i\000o\000n\000\040\000D\000o\000c\000u\000m\000e\000n\000t\000a\000t\000i\000o\000n}{section.5.2}% 15
\BOOKMARK [3][-]{subsubsection.5.2.3.1}{\376\377\0005\000.\0002\000.\0003\000.\0001\000\040\000g\000e\000t\000\137\000n\000e\000x\000t\000\050\000\051}{subsection.5.2.3}% 16
\BOOKMARK [1][-]{section.5.3}{\376\377\0005\000.\0003\000\040\000K\000a\000p\000p\000a\000R\000e\000s\000u\000l\000t\000\040\000S\000t\000r\000u\000c\000t\000\040\000R\000e\000f\000e\000r\000e\000n\000c\000e}{chapter.5}% 17
\BOOKMARK [2][-]{subsection.5.3.1}{\376\377\0005\000.\0003\000.\0001\000\040\000D\000e\000t\000a\000i\000l\000e\000d\000\040\000D\000e\000s\000c\000r\000i\000p\000t\000i\000o\000n}{section.5.3}% 18
\BOOKMARK [2][-]{subsection.5.3.2}{\376\377\0005\000.\0003\000.\0002\000\040\000C\000o\000n\000s\000t\000r\000u\000c\000t\000o\000r\000\040\000\046\000\040\000D\000e\000s\000t\000r\000u\000c\000t\000o\000r\000\040\000D\000o\000c\000u\000m\000e\000n\000t\000a\000t\000i\000o\000n}{section.5.3}% 19
\BOOKMARK [3][-]{subsubsection.5.3.2.1}{\376\377\0005\000.\0003\000.\0002\000.\0001\000\040\000K\000a\000p\000p\000a\000R\000e\000s\000u\000l\000t\000\050\000\051}{subsection.5.3.2}% 20
\BOOKMARK [2][-]{subsection.5.3.3}{\376\377\0005\000.\0003\000.\0003\000\040\000M\000e\000m\000b\000e\000r\000\040\000F\000u\000n\000c\000t\000i\000o\000n\000\040\000D\000o\000c\000u\000m\000e\000n\000t\000a\000t\000i\000o\000n}{section.5.3}% 21
\BOOKMARK [3][-]{subsubsection.5.3.3.1}{\376\377\0005\000.\0003\000.\0003\000.\0001\000\040\000i\000n\000i\000t\000i\000a\000l\000i\000z\000e\000\050\000\051}{subsection.5.3.3}% 22
\BOOKMARK [3][-]{subsubsection.5.3.3.2}{\376\377\0005\000.\0003\000.\0003\000.\0002\000\040\000u\000p\000d\000a\000t\000e\000\137\000c\000o\000n\000f\000\137\000i\000n\000t\000\050\000\051}{subsection.5.3.3}% 23
\BOOKMARK [3][-]{subsubsection.5.3.3.3}{\376\377\0005\000.\0003\000.\0003\000.\0003\000\040\000u\000p\000d\000a\000t\000e\000\137\000d\000e\000v\000\050\000\051}{subsection.5.3.3}% 24
\BOOKMARK [2][-]{subsection.5.3.4}{\376\377\0005\000.\0003\000.\0004\000\040\000M\000e\000m\000b\000e\000r\000\040\000D\000a\000t\000a\000\040\000D\000o\000c\000u\000m\000e\000n\000t\000a\000t\000i\000o\000n}{section.5.3}% 25
\BOOKMARK [3][-]{subsubsection.5.3.4.1}{\376\377\0005\000.\0003\000.\0004\000.\0001\000\040\000c\000i\000\137\000r\000e\000l\000\137\000e\000r\000r}{subsection.5.3.4}% 26
\BOOKMARK [3][-]{subsubsection.5.3.4.2}{\376\377\0005\000.\0003\000.\0004\000.\0002\000\040\000m\000a\000d\000\137\000r\000e\000l\000\137\000e\000r\000r}{subsection.5.3.4}% 27
\BOOKMARK [3][-]{subsubsection.5.3.4.3}{\376\377\0005\000.\0003\000.\0004\000.\0003\000\040\000n\000s}{subsection.5.3.4}% 28
\BOOKMARK [1][-]{section.5.4}{\376\377\0005\000.\0004\000\040\000K\000a\000p\000p\000a\000R\000e\000s\000u\000l\000t\000s\000\040\000S\000t\000r\000u\000c\000t\000\040\000R\000e\000f\000e\000r\000e\000n\000c\000e}{chapter.5}% 29
\BOOKMARK [2][-]{subsection.5.4.1}{\376\377\0005\000.\0004\000.\0001\000\040\000D\000e\000t\000a\000i\000l\000e\000d\000\040\000D\000e\000s\000c\000r\000i\000p\000t\000i\000o\000n}{section.5.4}% 30
\BOOKMARK [2][-]{subsection.5.4.2}{\376\377\0005\000.\0004\000.\0002\000\040\000C\000o\000n\000s\000t\000r\000u\000c\000t\000o\000r\000\040\000\046\000\040\000D\000e\000s\000t\000r\000u\000c\000t\000o\000r\000\040\000D\000o\000c\000u\000m\000e\000n\000t\000a\000t\000i\000o\000n}{section.5.4}% 31
\BOOKMARK [3][-]{subsubsection.5.4.2.1}{\376\377\0005\000.\0004\000.\0002\000.\0001\000\040\000K\000a\000p\000p\000a\000R\000e\000s\000u\000l\000t\000s\000\050\000\051\000\040\000[\0001\000/\0002\000]}{subsection.5.4.2}% 32
\BOOKMARK [3][-]{subsubsection.5.4.2.2}{\376\377\0005\000.\0004\000.\0002\000.\0002\000\040\000K\000a\000p\000p\000a\000R\000e\000s\000u\000l\000t\000s\000\050\000\051\000\040\000[\0002\000/\0002\000]}{subsection.5.4.2}% 33
\BOOKMARK [2][-]{subsection.5.4.3}{\376\377\0005\000.\0004\000.\0003\000\040\000M\000e\000m\000b\000e\000r\000\040\000D\000a\000t\000a\000\040\000D\000o\000c\000u\000m\000e\000n\000t\000a\000t\000i\000o\000n}{section.5.4}% 34
\BOOKMARK [3][-]{subsubsection.5.4.3.1}{\376\377\0005\000.\0004\000.\0003\000.\0001\000\040\000n\000s}{subsection.5.4.3}% 35
\BOOKMARK [3][-]{subsubsection.5.4.3.2}{\376\377\0005\000.\0004\000.\0003\000.\0002\000\040\000p\000a\000r\000a\000m\000\137\000l\000a\000b\000e\000l}{subsection.5.4.3}% 36
\BOOKMARK [3][-]{subsubsection.5.4.3.3}{\376\377\0005\000.\0004\000.\0003\000.\0003\000\040\000t\000a\000l\000e\000b\000\137\000o\000f\000f\000s\000e\000t}{subsection.5.4.3}% 37
\BOOKMARK [1][-]{section.5.5}{\376\377\0005\000.\0005\000\040\000l\000o\000g\000n\000o\000r\000m\000a\000l\000\137\000d\000i\000s\000t\000r\000i\000b\000u\000t\000i\000o\000n\000<\000\040\000R\000e\000a\000l\000T\000y\000p\000e\000\040\000>\000\040\000S\000t\000r\000u\000c\000t\000\040\000T\000e\000m\000p\000l\000a\000t\000e\000\040\000R\000e\000f\000e\000r\000e\000n\000c\000e}{chapter.5}% 38
\BOOKMARK [2][-]{subsection.5.5.1}{\376\377\0005\000.\0005\000.\0001\000\040\000D\000e\000t\000a\000i\000l\000e\000d\000\040\000D\000e\000s\000c\000r\000i\000p\000t\000i\000o\000n}{section.5.5}% 39
\BOOKMARK [2][-]{subsection.5.5.2}{\376\377\0005\000.\0005\000.\0002\000\040\000C\000o\000n\000s\000t\000r\000u\000c\000t\000o\000r\000\040\000\046\000\040\000D\000e\000s\000t\000r\000u\000c\000t\000o\000r\000\040\000D\000o\000c\000u\000m\000e\000n\000t\000a\000t\000i\000o\000n}{section.5.5}% 40
\BOOKMARK [3][-]{subsubsection.5.5.2.1}{\376\377\0005\000.\0005\000.\0002\000.\0001\000\040\000l\000o\000g\000n\000o\000r\000m\000a\000l\000\137\000d\000i\000s\000t\000r\000i\000b\000u\000t\000i\000o\000n\000\050\000\051}{subsection.5.5.2}% 41
\BOOKMARK [2][-]{subsection.5.5.3}{\376\377\0005\000.\0005\000.\0003\000\040\000M\000e\000m\000b\000e\000r\000\040\000F\000u\000n\000c\000t\000i\000o\000n\000\040\000D\000o\000c\000u\000m\000e\000n\000t\000a\000t\000i\000o\000n}{section.5.5}% 42
\BOOKMARK [3][-]{subsubsection.5.5.3.1}{\376\377\0005\000.\0005\000.\0003\000.\0001\000\040\000c\000d\000f\000\050\000\051}{subsection.5.5.3}% 43
\BOOKMARK [3][-]{subsubsection.5.5.3.2}{\376\377\0005\000.\0005\000.\0003\000.\0002\000\040\000c\000f\000\137\000f\000o\000u\000r\000i\000e\000r\000\137\000l\000n\000x\000\050\000\051}{subsection.5.5.3}% 44
\BOOKMARK [3][-]{subsubsection.5.5.3.3}{\376\377\0005\000.\0005\000.\0003\000.\0003\000\040\000c\000f\000\137\000f\000o\000u\000r\000i\000e\000r\000\137\000x\000\050\000\051}{subsection.5.5.3}% 45
\BOOKMARK [3][-]{subsubsection.5.5.3.4}{\376\377\0005\000.\0005\000.\0003\000.\0004\000\040\000c\000f\000\137\000l\000a\000m\000b\000e\000r\000t\000\137\000w\000\050\000\051}{subsection.5.5.3}% 46
\BOOKMARK [3][-]{subsubsection.5.5.3.5}{\376\377\0005\000.\0005\000.\0003\000.\0005\000\040\000c\000h\000a\000r\000a\000c\000t\000e\000r\000i\000s\000t\000i\000c\000\137\000f\000u\000n\000c\000t\000i\000o\000n\000\050\000\051}{subsection.5.5.3}% 47
\BOOKMARK [3][-]{subsubsection.5.5.3.6}{\376\377\0005\000.\0005\000.\0003\000.\0006\000\040\000m\000a\000d\0002\000\050\000\051}{subsection.5.5.3}% 48
\BOOKMARK [3][-]{subsubsection.5.5.3.7}{\376\377\0005\000.\0005\000.\0003\000.\0007\000\040\000m\000a\000x\000\050\000\051}{subsection.5.5.3}% 49
\BOOKMARK [3][-]{subsubsection.5.5.3.8}{\376\377\0005\000.\0005\000.\0003\000.\0008\000\040\000m\000i\000n\000\050\000\051}{subsection.5.5.3}% 50
\BOOKMARK [3][-]{subsubsection.5.5.3.9}{\376\377\0005\000.\0005\000.\0003\000.\0009\000\040\000p\000d\000f\000\050\000\051}{subsection.5.5.3}% 51
\BOOKMARK [3][-]{subsubsection.5.5.3.10}{\376\377\0005\000.\0005\000.\0003\000.\0001\0000\000\040\000q\000u\000a\000n\000t\000i\000l\000e\000\050\000\051}{subsection.5.5.3}% 52
\BOOKMARK [1][-]{section.5.6}{\376\377\0005\000.\0006\000\040\000L\000o\000w\000e\000r\000<\000\040\000D\000i\000s\000t\000\040\000>\000\040\000C\000l\000a\000s\000s\000\040\000T\000e\000m\000p\000l\000a\000t\000e\000\040\000R\000e\000f\000e\000r\000e\000n\000c\000e}{chapter.5}% 53
\BOOKMARK [2][-]{subsection.5.6.1}{\376\377\0005\000.\0006\000.\0001\000\040\000D\000e\000t\000a\000i\000l\000e\000d\000\040\000D\000e\000s\000c\000r\000i\000p\000t\000i\000o\000n}{section.5.6}% 54
\BOOKMARK [2][-]{subsection.5.6.2}{\376\377\0005\000.\0006\000.\0002\000\040\000C\000o\000n\000s\000t\000r\000u\000c\000t\000o\000r\000\040\000\046\000\040\000D\000e\000s\000t\000r\000u\000c\000t\000o\000r\000\040\000D\000o\000c\000u\000m\000e\000n\000t\000a\000t\000i\000o\000n}{section.5.6}% 55
\BOOKMARK [3][-]{subsubsection.5.6.2.1}{\376\377\0005\000.\0006\000.\0002\000.\0001\000\040\000L\000o\000w\000e\000r\000\050\000\051}{subsection.5.6.2}% 56
\BOOKMARK [1][-]{section.5.7}{\376\377\0005\000.\0007\000\040\000N\000u\000m\000p\000u\000n\000c\000t\000\040\000S\000t\000r\000u\000c\000t\000\040\000R\000e\000f\000e\000r\000e\000n\000c\000e}{chapter.5}% 57
\BOOKMARK [2][-]{subsection.5.7.1}{\376\377\0005\000.\0007\000.\0001\000\040\000D\000e\000t\000a\000i\000l\000e\000d\000\040\000D\000e\000s\000c\000r\000i\000p\000t\000i\000o\000n}{section.5.7}% 58
\BOOKMARK [1][-]{section.5.8}{\376\377\0005\000.\0008\000\040\000p\000a\000r\000e\000t\000o\000\137\000d\000i\000s\000t\000r\000i\000b\000u\000t\000i\000o\000n\000<\000\040\000R\000e\000a\000l\000T\000y\000p\000e\000\040\000>\000:\000:\000p\000a\000r\000a\000m\000\137\000t\000y\000p\000e\000\040\000C\000l\000a\000s\000s\000\040\000R\000e\000f\000e\000r\000e\000n\000c\000e}{chapter.5}% 59
\BOOKMARK [2][-]{subsection.5.8.1}{\376\377\0005\000.\0008\000.\0001\000\040\000C\000o\000n\000s\000t\000r\000u\000c\000t\000o\000r\000\040\000\046\000\040\000D\000e\000s\000t\000r\000u\000c\000t\000o\000r\000\040\000D\000o\000c\000u\000m\000e\000n\000t\000a\000t\000i\000o\000n}{section.5.8}% 60
\BOOKMARK [3][-]{subsubsection.5.8.1.1}{\376\377\0005\000.\0008\000.\0001\000.\0001\000\040\000p\000a\000r\000a\000m\000\137\000t\000y\000p\000e\000\050\000\051}{subsection.5.8.1}% 61
\BOOKMARK [2][-]{subsection.5.8.2}{\376\377\0005\000.\0008\000.\0002\000\040\000M\000e\000m\000b\000e\000r\000\040\000F\000u\000n\000c\000t\000i\000o\000n\000\040\000D\000o\000c\000u\000m\000e\000n\000t\000a\000t\000i\000o\000n}{section.5.8}% 62
\BOOKMARK [3][-]{subsubsection.5.8.2.1}{\376\377\0005\000.\0008\000.\0002\000.\0001\000\040\000a\000l\000p\000h\000a\000\050\000\051}{subsection.5.8.2}% 63
\BOOKMARK [3][-]{subsubsection.5.8.2.2}{\376\377\0005\000.\0008\000.\0002\000.\0002\000\040\000m\000u\000\050\000\051}{subsection.5.8.2}% 64
\BOOKMARK [3][-]{subsubsection.5.8.2.3}{\376\377\0005\000.\0008\000.\0002\000.\0003\000\040\000s\000i\000g\000m\000a\000\050\000\051}{subsection.5.8.2}% 65
\BOOKMARK [2][-]{subsection.5.8.3}{\376\377\0005\000.\0008\000.\0003\000\040\000F\000r\000i\000e\000n\000d\000s\000\040\000A\000n\000d\000\040\000R\000e\000l\000a\000t\000e\000d\000\040\000F\000u\000n\000c\000t\000i\000o\000n\000\040\000D\000o\000c\000u\000m\000e\000n\000t\000a\000t\000i\000o\000n}{section.5.8}% 66
\BOOKMARK [3][-]{subsubsection.5.8.3.1}{\376\377\0005\000.\0008\000.\0003\000.\0001\000\040\000o\000p\000e\000r\000a\000t\000o\000r\000!\000=}{subsection.5.8.3}% 67
\BOOKMARK [3][-]{subsubsection.5.8.3.2}{\376\377\0005\000.\0008\000.\0003\000.\0002\000\040\000o\000p\000e\000r\000a\000t\000o\000r\000<\000<}{subsection.5.8.3}% 68
\BOOKMARK [3][-]{subsubsection.5.8.3.3}{\376\377\0005\000.\0008\000.\0003\000.\0003\000\040\000o\000p\000e\000r\000a\000t\000o\000r\000=\000=}{subsection.5.8.3}% 69
\BOOKMARK [3][-]{subsubsection.5.8.3.4}{\376\377\0005\000.\0008\000.\0003\000.\0004\000\040\000o\000p\000e\000r\000a\000t\000o\000r\000>\000>}{subsection.5.8.3}% 70
\BOOKMARK [1][-]{section.5.9}{\376\377\0005\000.\0009\000\040\000p\000a\000r\000e\000t\000o\000\137\000d\000i\000s\000t\000r\000i\000b\000u\000t\000i\000o\000n\000<\000\040\000R\000e\000a\000l\000T\000y\000p\000e\000\040\000>\000\040\000C\000l\000a\000s\000s\000\040\000T\000e\000m\000p\000l\000a\000t\000e\000\040\000R\000e\000f\000e\000r\000e\000n\000c\000e}{chapter.5}% 71
\BOOKMARK [2][-]{subsection.5.9.1}{\376\377\0005\000.\0009\000.\0001\000\040\000D\000e\000t\000a\000i\000l\000e\000d\000\040\000D\000e\000s\000c\000r\000i\000p\000t\000i\000o\000n}{section.5.9}% 72
\BOOKMARK [2][-]{subsection.5.9.2}{\376\377\0005\000.\0009\000.\0002\000\040\000C\000o\000n\000s\000t\000r\000u\000c\000t\000o\000r\000\040\000\046\000\040\000D\000e\000s\000t\000r\000u\000c\000t\000o\000r\000\040\000D\000o\000c\000u\000m\000e\000n\000t\000a\000t\000i\000o\000n}{section.5.9}% 73
\BOOKMARK [3][-]{subsubsection.5.9.2.1}{\376\377\0005\000.\0009\000.\0002\000.\0001\000\040\000p\000a\000r\000e\000t\000o\000\137\000d\000i\000s\000t\000r\000i\000b\000u\000t\000i\000o\000n\000\050\000\051}{subsection.5.9.2}% 74
\BOOKMARK [2][-]{subsection.5.9.3}{\376\377\0005\000.\0009\000.\0003\000\040\000M\000e\000m\000b\000e\000r\000\040\000F\000u\000n\000c\000t\000i\000o\000n\000\040\000D\000o\000c\000u\000m\000e\000n\000t\000a\000t\000i\000o\000n}{section.5.9}% 75
\BOOKMARK [3][-]{subsubsection.5.9.3.1}{\376\377\0005\000.\0009\000.\0003\000.\0001\000\040\000a\000l\000p\000h\000a\000\050\000\051}{subsection.5.9.3}% 76
\BOOKMARK [3][-]{subsubsection.5.9.3.2}{\376\377\0005\000.\0009\000.\0003\000.\0002\000\040\000m\000a\000x\000\050\000\051}{subsection.5.9.3}% 77
\BOOKMARK [3][-]{subsubsection.5.9.3.3}{\376\377\0005\000.\0009\000.\0003\000.\0003\000\040\000m\000i\000n\000\050\000\051}{subsection.5.9.3}% 78
\BOOKMARK [3][-]{subsubsection.5.9.3.4}{\376\377\0005\000.\0009\000.\0003\000.\0004\000\040\000m\000u\000\050\000\051}{subsection.5.9.3}% 79
\BOOKMARK [3][-]{subsubsection.5.9.3.5}{\376\377\0005\000.\0009\000.\0003\000.\0005\000\040\000p\000a\000r\000a\000m\000\050\000\051\000\040\000[\0001\000/\0002\000]}{subsection.5.9.3}% 80
\BOOKMARK [3][-]{subsubsection.5.9.3.6}{\376\377\0005\000.\0009\000.\0003\000.\0006\000\040\000p\000a\000r\000a\000m\000\050\000\051\000\040\000[\0002\000/\0002\000]}{subsection.5.9.3}% 81
\BOOKMARK [3][-]{subsubsection.5.9.3.7}{\376\377\0005\000.\0009\000.\0003\000.\0007\000\040\000s\000i\000g\000m\000a\000\050\000\051}{subsection.5.9.3}% 82
\BOOKMARK [2][-]{subsection.5.9.4}{\376\377\0005\000.\0009\000.\0004\000\040\000F\000r\000i\000e\000n\000d\000s\000\040\000A\000n\000d\000\040\000R\000e\000l\000a\000t\000e\000d\000\040\000F\000u\000n\000c\000t\000i\000o\000n\000\040\000D\000o\000c\000u\000m\000e\000n\000t\000a\000t\000i\000o\000n}{section.5.9}% 83
\BOOKMARK [3][-]{subsubsection.5.9.4.1}{\376\377\0005\000.\0009\000.\0004\000.\0001\000\040\000o\000p\000e\000r\000a\000t\000o\000r\000>\000>}{subsection.5.9.4}% 84
\BOOKMARK [1][-]{section.5.10}{\376\377\0005\000.\0001\0000\000\040\000s\000t\000u\000d\000e\000n\000t\000\137\000t\000\137\000d\000i\000s\000t\000r\000i\000b\000u\000t\000i\000o\000n\000<\000\040\000R\000e\000a\000l\000T\000y\000p\000e\000\040\000>\000\040\000S\000t\000r\000u\000c\000t\000\040\000T\000e\000m\000p\000l\000a\000t\000e\000\040\000R\000e\000f\000e\000r\000e\000n\000c\000e}{chapter.5}% 85
\BOOKMARK [2][-]{subsection.5.10.1}{\376\377\0005\000.\0001\0000\000.\0001\000\040\000D\000e\000t\000a\000i\000l\000e\000d\000\040\000D\000e\000s\000c\000r\000i\000p\000t\000i\000o\000n}{section.5.10}% 86
\BOOKMARK [1][-]{section.5.11}{\376\377\0005\000.\0001\0001\000\040\000U\000p\000p\000e\000r\000<\000\040\000D\000i\000s\000t\000\040\000>\000\040\000C\000l\000a\000s\000s\000\040\000T\000e\000m\000p\000l\000a\000t\000e\000\040\000R\000e\000f\000e\000r\000e\000n\000c\000e}{chapter.5}% 87
\BOOKMARK [2][-]{subsection.5.11.1}{\376\377\0005\000.\0001\0001\000.\0001\000\040\000D\000e\000t\000a\000i\000l\000e\000d\000\040\000D\000e\000s\000c\000r\000i\000p\000t\000i\000o\000n}{section.5.11}% 88
\BOOKMARK [2][-]{subsection.5.11.2}{\376\377\0005\000.\0001\0001\000.\0002\000\040\000C\000o\000n\000s\000t\000r\000u\000c\000t\000o\000r\000\040\000\046\000\040\000D\000e\000s\000t\000r\000u\000c\000t\000o\000r\000\040\000D\000o\000c\000u\000m\000e\000n\000t\000a\000t\000i\000o\000n}{section.5.11}% 89
\BOOKMARK [3][-]{subsubsection.5.11.2.1}{\376\377\0005\000.\0001\0001\000.\0002\000.\0001\000\040\000U\000p\000p\000e\000r\000\050\000\051}{subsection.5.11.2}% 90
\BOOKMARK [2][-]{subsection.5.11.3}{\376\377\0005\000.\0001\0001\000.\0003\000\040\000M\000e\000m\000b\000e\000r\000\040\000F\000u\000n\000c\000t\000i\000o\000n\000\040\000D\000o\000c\000u\000m\000e\000n\000t\000a\000t\000i\000o\000n}{section.5.11}% 91
\BOOKMARK [3][-]{subsubsection.5.11.3.1}{\376\377\0005\000.\0001\0001\000.\0003\000.\0001\000\040\000o\000p\000e\000r\000a\000t\000o\000r\000\050\000\051\000\050\000\051}{subsection.5.11.3}% 92
\BOOKMARK [0][-]{chapter.6}{\376\377\0006\000\040\000F\000i\000l\000e\000\040\000D\000o\000c\000u\000m\000e\000n\000t\000a\000t\000i\000o\000n}{}% 93
\BOOKMARK [1][-]{section.6.1}{\376\377\0006\000.\0001\000\040\000/\000U\000s\000e\000r\000s\000/\000j\000d\000u\000n\000n\000/\000D\000o\000c\000u\000m\000e\000n\000t\000s\000/\000X\000C\000o\000d\000e\000/\000h\000o\000w\000\137\000m\000u\000c\000h\000\137\000d\000a\000t\000a\000/\000c\000o\000n\000v\000o\000l\000u\000t\000i\000o\000n\000\137\000t\000e\000s\000t\000/\000c\000o\000n\000v\000o\000l\000u\000t\000i\000o\000n\000\137\000t\000e\000s\000t\000.\000c\000p\000p\000\040\000F\000i\000l\000e\000\040\000R\000e\000f\000e\000r\000e\000n\000c\000e}{chapter.6}% 94
\BOOKMARK [2][-]{subsection.6.1.1}{\376\377\0006\000.\0001\000.\0001\000\040\000F\000u\000n\000c\000t\000i\000o\000n\000\040\000D\000o\000c\000u\000m\000e\000n\000t\000a\000t\000i\000o\000n}{section.6.1}% 95
\BOOKMARK [3][-]{subsubsection.6.1.1.1}{\376\377\0006\000.\0001\000.\0001\000.\0001\000\040\000c\000a\000l\000c\000\137\000c\000h\000a\000r\000a\000c\000t\000e\000r\000i\000s\000t\000i\000c\000\137\000f\000u\000n\000c\000t\000i\000o\000n\000\050\000\051}{subsection.6.1.1}% 96
\BOOKMARK [3][-]{subsubsection.6.1.1.2}{\376\377\0006\000.\0001\000.\0001\000.\0002\000\040\000c\000a\000l\000c\000u\000l\000a\000t\000e\000\137\000k\000a\000p\000p\000a\000\050\000\051}{subsection.6.1.1}% 97
\BOOKMARK [3][-]{subsubsection.6.1.1.3}{\376\377\0006\000.\0001\000.\0001\000.\0003\000\040\000c\000o\000n\000f\000i\000d\000e\000n\000c\000e\000\137\000i\000n\000t\000e\000r\000v\000a\000l\000\050\000\051}{subsection.6.1.1}% 98
\BOOKMARK [3][-]{subsubsection.6.1.1.4}{\376\377\0006\000.\0001\000.\0001\000.\0004\000\040\000f\000a\000c\000t\000o\000r\000\137\000c\000h\000e\000c\000k\000\050\000\051}{subsection.6.1.1}% 99
\BOOKMARK [3][-]{subsubsection.6.1.1.5}{\376\377\0006\000.\0001\000.\0001\000.\0005\000\040\000s\000h\000o\000w\000\137\000u\000s\000a\000g\000e\000\050\000\051}{subsection.6.1.1}% 100
\BOOKMARK [1][-]{section.6.2}{\376\377\0006\000.\0002\000\040\000/\000U\000s\000e\000r\000s\000/\000j\000d\000u\000n\000n\000/\000D\000o\000c\000u\000m\000e\000n\000t\000s\000/\000X\000C\000o\000d\000e\000/\000h\000o\000w\000\137\000m\000u\000c\000h\000\137\000d\000a\000t\000a\000/\000c\000o\000n\000v\000o\000l\000u\000t\000i\000o\000n\000\137\000t\000e\000s\000t\000/\000e\000x\000p\000o\000n\000e\000n\000t\000i\000a\000l\000\137\000d\000i\000s\000t\000r\000i\000b\000u\000t\000i\000o\000n\000.\000h\000\040\000F\000i\000l\000e\000\040\000R\000e\000f\000e\000r\000e\000n\000c\000e}{chapter.6}% 101
\BOOKMARK [1][-]{section.6.3}{\376\377\0006\000.\0003\000\040\000/\000U\000s\000e\000r\000s\000/\000j\000d\000u\000n\000n\000/\000D\000o\000c\000u\000m\000e\000n\000t\000s\000/\000X\000C\000o\000d\000e\000/\000h\000o\000w\000\137\000m\000u\000c\000h\000\137\000d\000a\000t\000a\000/\000c\000o\000n\000v\000o\000l\000u\000t\000i\000o\000n\000\137\000t\000e\000s\000t\000/\000l\000o\000g\000n\000o\000r\000m\000a\000l\000\137\000d\000i\000s\000t\000r\000i\000b\000u\000t\000i\000o\000n\000.\000h\000\040\000F\000i\000l\000e\000\040\000R\000e\000f\000e\000r\000e\000n\000c\000e}{chapter.6}% 102
\BOOKMARK [1][-]{section.6.4}{\376\377\0006\000.\0004\000\040\000/\000U\000s\000e\000r\000s\000/\000j\000d\000u\000n\000n\000/\000D\000o\000c\000u\000m\000e\000n\000t\000s\000/\000X\000C\000o\000d\000e\000/\000h\000o\000w\000\137\000m\000u\000c\000h\000\137\000d\000a\000t\000a\000/\000c\000o\000n\000v\000o\000l\000u\000t\000i\000o\000n\000\137\000t\000e\000s\000t\000/\000p\000a\000r\000e\000t\000o\000\137\000d\000i\000s\000t\000r\000i\000b\000u\000t\000i\000o\000n\000.\000h\000\040\000F\000i\000l\000e\000\040\000R\000e\000f\000e\000r\000e\000n\000c\000e}{chapter.6}% 103
\BOOKMARK [1][-]{section.6.5}{\376\377\0006\000.\0005\000\040\000/\000U\000s\000e\000r\000s\000/\000j\000d\000u\000n\000n\000/\000D\000o\000c\000u\000m\000e\000n\000t\000s\000/\000X\000C\000o\000d\000e\000/\000h\000o\000w\000\137\000m\000u\000c\000h\000\137\000d\000a\000t\000a\000/\000c\000o\000n\000v\000o\000l\000u\000t\000i\000o\000n\000\137\000t\000e\000s\000t\000/\000s\000t\000u\000d\000e\000n\000t\000\137\000t\000\137\000d\000i\000s\000t\000r\000i\000b\000u\000t\000i\000o\000n\000.\000h\000\040\000F\000i\000l\000e\000\040\000R\000e\000f\000e\000r\000e\000n\000c\000e}{chapter.6}% 104
\BOOKMARK [1][-]{section.6.6}{\376\377\0006\000.\0006\000\040\000/\000U\000s\000e\000r\000s\000/\000j\000d\000u\000n\000n\000/\000D\000o\000c\000u\000m\000e\000n\000t\000s\000/\000X\000C\000o\000d\000e\000/\000h\000o\000w\000\137\000m\000u\000c\000h\000\137\000d\000a\000t\000a\000/\000m\000o\000n\000t\000e\000\137\000c\000a\000r\000l\000o\000\137\000t\000e\000s\000t\000/\000m\000o\000n\000t\000e\000\137\000c\000a\000r\000l\000o\000\137\000t\000e\000s\000t\000.\000c\000p\000p\000\040\000F\000i\000l\000e\000\040\000R\000e\000f\000e\000r\000e\000n\000c\000e}{chapter.6}% 105
\BOOKMARK [2][-]{subsection.6.6.1}{\376\377\0006\000.\0006\000.\0001\000\040\000F\000u\000n\000c\000t\000i\000o\000n\000\040\000D\000o\000c\000u\000m\000e\000n\000t\000a\000t\000i\000o\000n}{section.6.6}% 106
\BOOKMARK [3][-]{subsubsection.6.6.1.1}{\376\377\0006\000.\0006\000.\0001\000.\0001\000\040\000c\000a\000l\000c\000\137\000k\000a\000p\000p\000a\000\050\000\051}{subsection.6.6.1}% 107
\BOOKMARK [3][-]{subsubsection.6.6.1.2}{\376\377\0006\000.\0006\000.\0001\000.\0002\000\040\000c\000a\000l\000c\000u\000l\000a\000t\000e\000\137\000k\000a\000p\000p\000a\000\050\000\051}{subsection.6.6.1}% 108
\BOOKMARK [3][-]{subsubsection.6.6.1.3}{\376\377\0006\000.\0006\000.\0001\000.\0003\000\040\000o\000p\000e\000r\000a\000t\000o\000r\000<\000<\000\050\000\051}{subsection.6.6.1}% 109
\BOOKMARK [3][-]{subsubsection.6.6.1.4}{\376\377\0006\000.\0006\000.\0001\000.\0004\000\040\000q\000u\000a\000n\000t\000i\000l\000e\000\050\000\051}{subsection.6.6.1}% 110
\BOOKMARK [3][-]{subsubsection.6.6.1.5}{\376\377\0006\000.\0006\000.\0001\000.\0005\000\040\000r\000e\000l\000\137\000e\000r\000r\000\050\000\051}{subsection.6.6.1}% 111
\BOOKMARK [0][-]{section*.52}{\376\377\000I\000n\000d\000e\000x}{}% 112
